Traceback (most recent call last):
  File "/home/nicola/.pyenv/versions/3.8.5/envs/cuda/lib/python3.8/site-packages/jupyter_cache/executors/utils.py", line 51, in single_nb_execution
    executenb(
  File "/home/nicola/.pyenv/versions/3.8.5/envs/cuda/lib/python3.8/site-packages/nbclient/client.py", line 1112, in execute
    return NotebookClient(nb=nb, resources=resources, km=km, **kwargs).execute()
  File "/home/nicola/.pyenv/versions/3.8.5/envs/cuda/lib/python3.8/site-packages/nbclient/util.py", line 74, in wrapped
    return just_run(coro(*args, **kwargs))
  File "/home/nicola/.pyenv/versions/3.8.5/envs/cuda/lib/python3.8/site-packages/nbclient/util.py", line 53, in just_run
    return loop.run_until_complete(coro)
  File "/home/nicola/.pyenv/versions/3.8.5/lib/python3.8/asyncio/base_events.py", line 616, in run_until_complete
    return future.result()
  File "/home/nicola/.pyenv/versions/3.8.5/envs/cuda/lib/python3.8/site-packages/nbclient/client.py", line 553, in async_execute
    await self.async_execute_cell(
  File "/home/nicola/.pyenv/versions/3.8.5/envs/cuda/lib/python3.8/site-packages/nbclient/client.py", line 857, in async_execute_cell
    self._check_raise_for_error(cell, exec_reply)
  File "/home/nicola/.pyenv/versions/3.8.5/envs/cuda/lib/python3.8/site-packages/nbclient/client.py", line 760, in _check_raise_for_error
    raise CellExecutionError.from_cell_and_msg(cell, exec_reply_content)
nbclient.exceptions.CellExecutionError: An error occurred while executing the following cell:
------------------
from matplotlib.colors import LinearSegmentedColormap
from scipy.stats import chi2

dep = []
categorical_columns=["OperatingSystems", "Browser", "Region", "TrafficType", "VisitorType", "Weekend", "Month"]


# Define colors
colors = ["gray", "lightgray"]
cmap = LinearSegmentedColormap.from_list('Custom', colors, len(colors))

for i, (c1, c2) in enumerate(product(categorical_columns, repeat=2)):

    # Build contingency table
    crosstab = pd.crosstab(df[c1], df[c2])

    # Compute the test statistic
    chi, p, dof, expected = chi2_contingency(crosstab)

    # interpret test-statistic
    prob = 0.99
    critical = chi2.ppf(prob, dof)

    if abs(chi) >= critical:
        dep.append(0)
    else:
        dep.append(1)

# reshape the list to get a heatmap
indep = np.array(dep).reshape((len(categorical_columns), len(categorical_columns)))

# draw the heatmap
plt.figure(figsize=(12, 9))
upper_mask = np.zeros_like(indep)
upper_mask[np.tril_indices_from(upper_mask)] = True
ax = sns.heatmap(indep, xticklabels=categorical_columns, yticklabels=categorical_columns, mask=upper_mask, cmap=cmap)

# Set the colorbar labels
colorbar = ax.collections[0].colorbar
colorbar.set_ticks([0.25,0.75])
colorbar.set_ticklabels(['Dependent', 'Not Dependent'])

plt.show()
------------------

[0;31m---------------------------------------------------------------------------[0m
[0;31mNameError[0m                                 Traceback (most recent call last)
[0;32m<ipython-input-7-2539f45d6f35>[0m in [0;36m<module>[0;34m[0m
[1;32m     10[0m [0mcmap[0m [0;34m=[0m [0mLinearSegmentedColormap[0m[0;34m.[0m[0mfrom_list[0m[0;34m([0m[0;34m'Custom'[0m[0;34m,[0m [0mcolors[0m[0;34m,[0m [0mlen[0m[0;34m([0m[0mcolors[0m[0;34m)[0m[0;34m)[0m[0;34m[0m[0;34m[0m[0m
[1;32m     11[0m [0;34m[0m[0m
[0;32m---> 12[0;31m [0;32mfor[0m [0mi[0m[0;34m,[0m [0;34m([0m[0mc1[0m[0;34m,[0m [0mc2[0m[0;34m)[0m [0;32min[0m [0menumerate[0m[0;34m([0m[0mproduct[0m[0;34m([0m[0mcategorical_columns[0m[0;34m,[0m [0mrepeat[0m[0;34m=[0m[0;36m2[0m[0;34m)[0m[0;34m)[0m[0;34m:[0m[0;34m[0m[0;34m[0m[0m
[0m[1;32m     13[0m [0;34m[0m[0m
[1;32m     14[0m     [0;31m# Build contingency table[0m[0;34m[0m[0;34m[0m[0;34m[0m[0m

[0;31mNameError[0m: name 'product' is not defined
NameError: name 'product' is not defined

