Traceback (most recent call last):
  File "/home/nicola/.pyenv/versions/3.8.5/envs/cuda/lib/python3.8/site-packages/jupyter_cache/executors/utils.py", line 51, in single_nb_execution
    executenb(
  File "/home/nicola/.pyenv/versions/3.8.5/envs/cuda/lib/python3.8/site-packages/nbclient/client.py", line 1112, in execute
    return NotebookClient(nb=nb, resources=resources, km=km, **kwargs).execute()
  File "/home/nicola/.pyenv/versions/3.8.5/envs/cuda/lib/python3.8/site-packages/nbclient/util.py", line 74, in wrapped
    return just_run(coro(*args, **kwargs))
  File "/home/nicola/.pyenv/versions/3.8.5/envs/cuda/lib/python3.8/site-packages/nbclient/util.py", line 53, in just_run
    return loop.run_until_complete(coro)
  File "/home/nicola/.pyenv/versions/3.8.5/lib/python3.8/asyncio/base_events.py", line 616, in run_until_complete
    return future.result()
  File "/home/nicola/.pyenv/versions/3.8.5/envs/cuda/lib/python3.8/site-packages/nbclient/client.py", line 553, in async_execute
    await self.async_execute_cell(
  File "/home/nicola/.pyenv/versions/3.8.5/envs/cuda/lib/python3.8/site-packages/nbclient/client.py", line 857, in async_execute_cell
    self._check_raise_for_error(cell, exec_reply)
  File "/home/nicola/.pyenv/versions/3.8.5/envs/cuda/lib/python3.8/site-packages/nbclient/client.py", line 760, in _check_raise_for_error
    raise CellExecutionError.from_cell_and_msg(cell, exec_reply_content)
nbclient.exceptions.CellExecutionError: An error occurred while executing the following cell:
------------------
import matplotlib.pyplot as plt
import matplotlib.patches as patches
import matplotlib.path as mpath

sns.set_style("darkgrid")

# fig = plt.figure()
fig, ax = plt.subplots(1, 1, figsize=(8, 8))

# Domain X
ax.add_patch(patches.Rectangle((2, 2), 6, 6, fc='none', ec='blue'))
ax.text(8.5, 4.5, '$\mathcal{X}$', fontsize=40, color='blue')

# Subset A
ax.add_patch(patches.Circle((5, 5), 1, fc='none', ec='red'))
ax.text(4.8, 6.4, '$A$', fontsize=35, color='red')

# 0-1 behaviour over A
x_a = np.arange(4, 6, 0.01);
y_a = np.sin(x_a*(4*np.pi))*0.2 + 5
ax.plot(x_a, y_a, color='green', linewidth=5)
ax.text(4.9, 5.6, '$\mathcal{g}$', fontsize=20, color='green')

# 0-1 behaviour over X
x_x_left = np.arange(2, 4, 0.01)
y_x_left = np.sin(x_x*(4*np.pi))*0.5 + 5
ax.plot(x_x_left, y_x_left, color='orange', linestyle='--', linewidth=3)

x_a = np.arange(4, 6, 0.01);
y_a = np.sin(x_a*(4*np.pi))*0.2 + 5
ax.plot(x_a, y_a, color='orange', linestyle='--', linewidth=3)

x_x_right = np.arange(6, 8, 0.01)
y_x_right = np.sin(x_x*(4*np.pi))*0.5 + 5
ax.plot(x_x_right, y_x_right, color='orange', linestyle='--', linewidth=3)

ax.text(2.8, 6, '$\mathcal{h}$', fontsize=30, color='orange')
# Amplitude of the sine wave is sine of a variable like time


plt.ylim((0, 10))
plt.xlim((0, 10))
ax.set_yticks([])
ax.set_xticks([])
plt.show()
------------------

[0;31m------------------------------------------------------[0m
[0;31mNameError[0m            Traceback (most recent call last)
[0;32m<ipython-input-10-6f3208acdbea>[0m in [0;36m<module>[0;34m[0m
[1;32m     24[0m [0;31m# 0-1 behaviour over X[0m[0;34m[0m[0;34m[0m[0;34m[0m[0m
[1;32m     25[0m [0mx_x_left[0m [0;34m=[0m [0mnp[0m[0;34m.[0m[0marange[0m[0;34m([0m[0;36m2[0m[0;34m,[0m [0;36m4[0m[0;34m,[0m [0;36m0.01[0m[0;34m)[0m[0;34m[0m[0;34m[0m[0m
[0;32m---> 26[0;31m [0my_x_left[0m [0;34m=[0m [0mnp[0m[0;34m.[0m[0msin[0m[0;34m([0m[0mx_x[0m[0;34m*[0m[0;34m([0m[0;36m4[0m[0;34m*[0m[0mnp[0m[0;34m.[0m[0mpi[0m[0;34m)[0m[0;34m)[0m[0;34m*[0m[0;36m0.5[0m [0;34m+[0m [0;36m5[0m[0;34m[0m[0;34m[0m[0m
[0m[1;32m     27[0m [0max[0m[0;34m.[0m[0mplot[0m[0;34m([0m[0mx_x_left[0m[0;34m,[0m [0my_x_left[0m[0;34m,[0m [0mcolor[0m[0;34m=[0m[0;34m'orange'[0m[0;34m,[0m [0mlinestyle[0m[0;34m=[0m[0;34m'--'[0m[0;34m,[0m [0mlinewidth[0m[0;34m=[0m[0;36m3[0m[0;34m)[0m[0;34m[0m[0;34m[0m[0m
[1;32m     28[0m [0;34m[0m[0m

[0;31mNameError[0m: name 'x_x' is not defined
NameError: name 'x_x' is not defined

